This is pdfTeX, Version 3.141592653-2.6-1.40.25 (TeX Live 2023) (preloaded format=pdflatex 2023.4.7)  6 SEP 2023 11:30
entering extended mode
 restricted \write18 enabled.
 file:line:error style messages enabled.
 %&-line parsing enabled.
**/Users/slymn./Desktop/YAYIN/YL_TEZ/Springer_LaTex+Package/editor/editor.tex
(/Users/slymn./Desktop/YAYIN/YL_TEZ/Springer_LaTex+Package/editor/editor.tex
LaTeX2e <2022-11-01> patch level 1
L3 programming layer <2023-02-22> (./svproc.cls
Document Class: svproc 2016/07/20 v1.3 
 LaTeX document class for Proceedings volumes
(/usr/local/texlive/2023/texmf-dist/tex/latex/base/article.cls
Document Class: article 2022/07/02 v1.4n Standard LaTeX document class
(/usr/local/texlive/2023/texmf-dist/tex/latex/base/size10.clo
File: size10.clo 2022/07/02 v1.4n Standard LaTeX file (size option)
)
\c@part=\count185
\c@section=\count186
\c@subsection=\count187
\c@subsubsection=\count188
\c@paragraph=\count189
\c@subparagraph=\count190
\c@figure=\count191
\c@table=\count192
\abovecaptionskip=\skip48
\belowcaptionskip=\skip49
\bibindent=\dimen140
) (/usr/local/texlive/2023/texmf-dist/tex/latex/tools/multicol.sty
Package: multicol 2021/11/30 v1.9d multicolumn formatting (FMi)
\c@tracingmulticols=\count193
\mult@box=\box51
\multicol@leftmargin=\dimen141
\c@unbalance=\count194
\c@collectmore=\count195
\doublecol@number=\count196
\multicoltolerance=\count197
\multicolpretolerance=\count198
\full@width=\dimen142
\page@free=\dimen143
\premulticols=\dimen144
\postmulticols=\dimen145
\multicolsep=\skip50
\multicolbaselineskip=\skip51
\partial@page=\box52
\last@line=\box53
\maxbalancingoverflow=\dimen146
\mult@rightbox=\box54
\mult@grightbox=\box55
\mult@firstbox=\box56
\mult@gfirstbox=\box57
\@tempa=\box58
\@tempa=\box59
\@tempa=\box60
\@tempa=\box61
\@tempa=\box62
\@tempa=\box63
\@tempa=\box64
\@tempa=\box65
\@tempa=\box66
\@tempa=\box67
\@tempa=\box68
\@tempa=\box69
\@tempa=\box70
\@tempa=\box71
\@tempa=\box72
\@tempa=\box73
\@tempa=\box74
\@tempa=\box75
\@tempa=\box76
\@tempa=\box77
\@tempa=\box78
\@tempa=\box79
\@tempa=\box80
\@tempa=\box81
\@tempa=\box82
\@tempa=\box83
\@tempa=\box84
\@tempa=\box85
\@tempa=\box86
\@tempa=\box87
\@tempa=\box88
\@tempa=\box89
\@tempa=\box90
\@tempa=\box91
\@tempa=\box92
\@tempa=\box93
\c@minrows=\count199
\c@columnbadness=\count266
\c@finalcolumnbadness=\count267
\last@try=\dimen147
\multicolovershoot=\dimen148
\multicolundershoot=\dimen149
\mult@nat@firstbox=\box94
\colbreak@box=\box95
\mc@col@check@num=\count268
) (./aliascnt.sty
Package: aliascnt 2009/09/08 v1.3 Alias counter (HO)
 (./remreset.sty))
\c@chapter=\count269
LaTeX Font Info:    Redeclaring math symbol \Gamma on input line 369.
LaTeX Font Info:    Redeclaring math symbol \Delta on input line 370.
LaTeX Font Info:    Redeclaring math symbol \Theta on input line 371.
LaTeX Font Info:    Redeclaring math symbol \Lambda on input line 372.
LaTeX Font Info:    Redeclaring math symbol \Xi on input line 373.
LaTeX Font Info:    Redeclaring math symbol \Pi on input line 374.
LaTeX Font Info:    Redeclaring math symbol \Sigma on input line 375.
LaTeX Font Info:    Redeclaring math symbol \Upsilon on input line 376.
LaTeX Font Info:    Redeclaring math symbol \Phi on input line 377.
LaTeX Font Info:    Redeclaring math symbol \Psi on input line 378.
LaTeX Font Info:    Redeclaring math symbol \Omega on input line 379.
\tocchpnum=\dimen150
\tocsecnum=\dimen151
\tocsectotal=\dimen152
\tocsubsecnum=\dimen153
\tocsubsectotal=\dimen154
\tocsubsubsecnum=\dimen155
\tocsubsubsectotal=\dimen156
\tocparanum=\dimen157
\tocparatotal=\dimen158
\tocsubparanum=\dimen159
\@tempcntc=\count270
\fnindent=\dimen160
\c@@inst=\count271
\c@@auth=\count272
\c@auco=\count273
\instindent=\dimen161
\authrun=\box96
\authorrunning=\toks16
\tocauthor=\toks17
\titrun=\box97
\titlerunning=\toks18
\toctitle=\toks19
\c@theorem=\count274
\c@case=\count275
\c@conjecture=\count276
\c@corollary=\count277
\c@definition=\count278
\c@example=\count279
\c@exercise=\count280
\c@lemma=\count281
\c@note=\count282
\c@problem=\count283
\c@property=\count284
\c@proposition=\count285
\c@question=\count286
\c@solution=\count287
\c@remark=\count288
\headlineindent=\dimen162
) (/usr/local/texlive/2023/texmf-dist/tex/latex/base/makeidx.sty
Package: makeidx 2021/10/04 v1.0m Standard LaTeX package
)
\@indexfile=\write3
\openout3 = `editor.idx'.


Writing index file editor.idx
(/usr/local/texlive/2023/texmf-dist/tex/latex/url/url.sty
\Urlmuskip=\muskip16
Package: url 2013/09/16  ver 3.4  Verb mode for urls, etc.
) (/usr/local/texlive/2023/texmf-dist/tex/latex/l3backend/l3backend-pdftex.def
File: l3backend-pdftex.def 2023-01-16 L3 backend support: PDF output (pdfTeX)
\l__color_backend_stack_int=\count289
\l__pdf_internal_box=\box98
) (./editor.aux

LaTeX Warning: Label `onlyurl' multiply defined.

)
\openout1 = `editor.aux'.

LaTeX Font Info:    Checking defaults for OML/cmm/m/it on input line 15.
LaTeX Font Info:    ... okay on input line 15.
LaTeX Font Info:    Checking defaults for OMS/cmsy/m/n on input line 15.
LaTeX Font Info:    ... okay on input line 15.
LaTeX Font Info:    Checking defaults for OT1/cmr/m/n on input line 15.
LaTeX Font Info:    ... okay on input line 15.
LaTeX Font Info:    Checking defaults for T1/cmr/m/n on input line 15.
LaTeX Font Info:    ... okay on input line 15.
LaTeX Font Info:    Checking defaults for TS1/cmr/m/n on input line 15.
LaTeX Font Info:    ... okay on input line 15.
LaTeX Font Info:    Checking defaults for OMX/cmex/m/n on input line 15.
LaTeX Font Info:    ... okay on input line 15.
LaTeX Font Info:    Checking defaults for U/cmr/m/n on input line 15.
LaTeX Font Info:    ... okay on input line 15.
 [1



{/usr/local/texlive/2023/texmf-var/fonts/map/pdftex/updmap/pdftex.map}]
LaTeX Font Info:    External font `cmex10' loaded for size
(Font)              <7> on input line 46.
LaTeX Font Info:    External font `cmex10' loaded for size
(Font)              <5> on input line 46.
 [2

] [3] [4

] [1

] [2]
LaTeX Font Info:    External font `cmex10' loaded for size
(Font)              <9> on input line 198.
LaTeX Font Info:    External font `cmex10' loaded for size
(Font)              <6> on input line 198.
 [3] [4] [5] [6] [7] [8] [9

] [10] [11] [12] [13] [14] [15] [16] (./editor.ind) [17

] (./editor.aux)

LaTeX Warning: There were multiply-defined labels.

 ) 
Here is how much of TeX's memory you used:
 1121 strings out of 476025
 18186 string characters out of 5790018
 1863388 words of memory out of 5000000
 21614 multiletter control sequences out of 15000+600000
 519218 words of font info for 55 fonts, out of 8000000 for 9000
 1141 hyphenation exceptions out of 8191
 57i,10n,62p,295b,337s stack positions out of 10000i,1000n,20000p,200000b,200000s
</usr/local/texlive/2023/texmf-dist/fonts/type1/public/amsfonts/cm/cmbx10.pfb></usr/local/texlive/2023/texmf-dist/fonts/type1/public/amsfonts/cm/cmbx12.pfb></usr/local/texlive/2023/texmf-dist/fonts/type1/public/amsfonts/cm/cmbx9.pfb></usr/local/texlive/2023/texmf-dist/fonts/type1/public/amsfonts/cm/cmex10.pfb></usr/local/texlive/2023/texmf-dist/fonts/type1/public/amsfonts/cm/cmmi10.pfb></usr/local/texlive/2023/texmf-dist/fonts/type1/public/amsfonts/cm/cmmi7.pfb></usr/local/texlive/2023/texmf-dist/fonts/type1/public/amsfonts/cm/cmr10.pfb></usr/local/texlive/2023/texmf-dist/fonts/type1/public/amsfonts/cm/cmr6.pfb></usr/local/texlive/2023/texmf-dist/fonts/type1/public/amsfonts/cm/cmr7.pfb></usr/local/texlive/2023/texmf-dist/fonts/type1/public/amsfonts/cm/cmr9.pfb></usr/local/texlive/2023/texmf-dist/fonts/type1/public/amsfonts/cm/cmsy10.pfb></usr/local/texlive/2023/texmf-dist/fonts/type1/public/amsfonts/cm/cmsy5.pfb></usr/local/texlive/2023/texmf-dist/fonts/type1/public/amsfonts/cm/cmsy7.pfb></usr/local/texlive/2023/texmf-dist/fonts/type1/public/amsfonts/cm/cmti10.pfb></usr/local/texlive/2023/texmf-dist/fonts/type1/public/amsfonts/cm/cmti9.pfb></usr/local/texlive/2023/texmf-dist/fonts/type1/public/amsfonts/cm/cmtt9.pfb>
Output written on editor.pdf (21 pages, 252681 bytes).
PDF statistics:
 152 PDF objects out of 1000 (max. 8388607)
 96 compressed objects within 1 object stream
 0 named destinations out of 1000 (max. 500000)
 1 words of extra memory for PDF output out of 10000 (max. 10000000)

